app/build/outputs/mapping/release/seeds.txt
com.alipay.sdk.pay.demo.ExternalFragment
com.alipay.sdk.pay.demo.ExternalFragment: ExternalFragment()
com.alipay.sdk.pay.demo.H5PayDemoActivity
com.alipay.sdk.pay.demo.H5PayDemoActivity: H5PayDemoActivity()
com.alipay.sdk.pay.demo.PayDemoActivity
com.alipay.sdk.pay.demo.PayDemoActivity: PayDemoActivity()
com.alipay.sdk.pay.demo.PayDemoActivity: void payV2(android.view.View)
com.alipay.sdk.pay.demo.PayDemoActivity: void authV2(android.view.View)
com.alipay.sdk.pay.demo.PayDemoActivity: void showSdkVersion(android.view.View)
com.alipay.sdk.pay.demo.PayDemoActivity: void h5Pay(android.view.View)
...
com.alipay.android.phone.mrpc.core.g
com.alipay.android.phone.mrpc.core.g: java.lang.String a()
com.alipay.android.phone.mrpc.core.g: com.alipay.android.phone.mrpc.core.ab b()
com.alipay.android.phone.mrpc.core.g: com.alipay.android.phone.mrpc.core.aa c()
com.alipay.android.phone.mrpc.core.g: boolean d()
com.alipay.android.phone.mrpc.core.h
com.alipay.android.phone.mrpc.core.h: android.content.Context a
com.alipay.android.phone.mrpc.core.h: h(android.content.Context)
com.alipay.android.phone.mrpc.core.h: java.lang.Object a(java.lang.Class,com.alipay.android.phone.mrpc.core.aa)
com.alipay.android.phone.mrpc.core.h: android.content.Context a(com.alipay.android.phone.mrpc.core.h)
com.alipay.android.phone.mrpc.core.i
com.alipay.android.phone.mrpc.core.i: com.alipay.android.phone.mrpc.core.aa a
com.alipay.android.phone.mrpc.core.i: com.alipay.android.phone.mrpc.core.h b
com.alipay.android.phone.mrpc.core.i: i(com.alipay.android.phone.mrpc.core.h,com.alipay.android.phone.mrpc.core.aa)
com.alipay.android.phone.mrpc.core.i: java.lang.String a()
com.alipay.android.phone.mrpc.core.i: com.alipay.android.phone.mrpc.core.ab b()
com.alipay.android.phone.mrpc.core.i: com.alipay.android.phone.mrpc.core.aa c()
com.alipay.android.phone.mrpc.core.i: boolean d()
com.alipay.android.phone.mrpc.core.j
com.alipay.android.phone.mrpc.core.j: com.alipay.android.phone.mrpc.core.g g
com.alipay.android.phone.mrpc.core.j: j(com.alipay.android.phone.mrpc.core.g,java.lang.reflect.Method,int,java.lang.String,byte[],boolean)
com.alipay.android.phone.mrpc.core.j: java.lang.Object a()
com.alipay.android.phone.mrpc.core.k
com.alipay.android.phone.mrpc.core.k: java.util.regex.Pattern a
com.alipay.android.phone.mrpc.core.k: java.util.regex.Pattern b
com.alipay.android.phone.mrpc.core.k: long a(java.lang.String)
com.alipay.android.phone.mrpc.core.k: int b(java.lang.String)
com.alipay.android.phone.mrpc.core.k: int c(java.lang.String)
com.alipay.android.phone.mrpc.core.k: int d(java.lang.String)
com.alipay.android.phone.mrpc.core.k: com.alipay.android.phone.mrpc.core.k$a e(java.lang.String)
com.alipay.android.phone.mrpc.core.k: void <clinit>()
com.alipay.android.phone.mrpc.core.k$a
com.alipay.android.phone.mrpc.core.k$a: int a
com.alipay.android.phone.mrpc.core.k$a: int b
com.alipay.android.phone.mrpc.core.k$a: int c
com.alipay.android.phone.mrpc.core.k$a: k$a(int,int,int)
com.alipay.android.phone.mrpc.core.l
com.alipay.android.phone.mrpc.core.l: com.alipay.android.phone.mrpc.core.l b
com.alipay.android.phone.mrpc.core.l: android.content.Context a
com.alipay.android.phone.mrpc.core.l: java.util.concurrent.ThreadPoolExecutor c
com.alipay.android.phone.mrpc.core.l: com.alipay.android.phone.mrpc.core.b d
com.alipay.android.phone.mrpc.core.l: long e
com.alipay.android.phone.mrpc.core.l: long f
com.alipay.android.phone.mrpc.core.l: long g
com.alipay.android.phone.mrpc.core.l: int h
com.alipay.android.phone.mrpc.core.l: java.util.concurrent.ThreadFactory i
com.alipay.android.phone.mrpc.core.l: l(android.content.Context)
com.alipay.android.phone.mrpc.core.l: com.alipay.android.phone.mrpc.core.l a(android.content.Context)
com.alipay.android.phone.mrpc.core.l: com.alipay.android.phone.mrpc.core.l b(android.content.Context)
com.alipay.android.phone.mrpc.core.l: java.util.concurrent.Future a(com.alipay.android.phone.mrpc.core.t)
com.alipay.android.phone.mrpc.core.l: com.alipay.android.phone.mrpc.core.b a()
com.alipay.android.phone.mrpc.core.l: void a(long)
com.alipay.android.phone.mrpc.core.l: void b(long)
com.alipay.android.phone.mrpc.core.l: void c(long)
com.alipay.android.phone.mrpc.core.l: void <clinit>()