app/build/outputs/mapping/release/mapping.txt
com.alipay.sdk.pay.demo.AuthResult -> com.alipay.sdk.pay.demo.a:
    java.lang.String resultStatus -> a
    java.lang.String result -> b
    java.lang.String memo -> c
    java.lang.String resultCode -> d
    java.lang.String authCode -> e
    java.lang.String alipayOpenId -> f
    16:47:void <init>(java.util.Map,boolean) -> <init>
    50:60:java.lang.String removeBrackets(java.lang.String,boolean) -> a
    65:65:java.lang.String toString() -> toString
    69:69:java.lang.String getValue(java.lang.String,java.lang.String) -> a
    76:76:java.lang.String getResultStatus() -> a
    83:83:java.lang.String getMemo() -> b
    90:90:java.lang.String getResult() -> c
    97:97:java.lang.String getResultCode() -> d
    104:104:java.lang.String getAuthCode() -> e
    111:111:java.lang.String getAlipayOpenId() -> f
com.alipay.sdk.pay.demo.Base64 -> com.alipay.sdk.pay.demo.b:
    int BASELENGTH -> a
    int LOOKUPLENGTH -> b
    int TWENTYFOURBITGROUP -> c
    int EIGHTBIT -> d
    int SIXTEENBIT -> e
    int FOURBYTE -> f
    int SIGN -> g
    char PAD -> h
    byte[] base64Alphabet -> i
    char[] lookUpBase64Alphabet -> j
    3:3:void <init>() -> <init>
    51:51:boolean isWhiteSpace(char) -> a
    55:55:boolean isPad(char) -> b
    59:59:boolean isData(char) -> c
    71:142:java.lang.String encode(byte[]) -> a
    154:243:byte[] decode(java.lang.String) -> a
    254:266:int removeWhiteSpace(char[]) -> a
    12:48:void <clinit>() -> <clinit>
com.alipay.sdk.pay.demo.BuildConfig -> com.alipay.sdk.pay.demo.c:
    boolean DEBUG -> a
    java.lang.String APPLICATION_ID -> b
    java.lang.String BUILD_TYPE -> c
    java.lang.String FLAVOR -> d
    int VERSION_CODE -> e
    java.lang.String VERSION_NAME -> f
    6:6:void <init>() -> <init>
com.alipay.sdk.pay.demo.ExternalFragment -> com.alipay.sdk.pay.demo.ExternalFragment:
    9:9:void <init>() -> <init>
    14:14:android.view.View onCreateView(android.view.LayoutInflater,android.view.ViewGroup,android.os.Bundle) -> a
com.alipay.sdk.pay.demo.H5PayDemoActivity -> com.alipay.sdk.pay.demo.H5PayDemoActivity:
    android.webkit.WebView mWebView -> a
    23:23:void <init>() -> <init>
    29:91:void onCreate(android.os.Bundle) -> onCreate
    95:100:void onBackPressed() -> onBackPressed
    104:105:void finish() -> finish
    109:110:void onConfigurationChanged(android.content.res.Configuration) -> onConfigurationChanged
    152:161:void onDestroy() -> onDestroy
com.alipay.sdk.pay.demo.H5PayDemoActivity$1 -> com.alipay.sdk.pay.demo.d:
    com.alipay.sdk.pay.demo.H5PayDemoActivity this$0 -> a
    52:52:void <init>(com.alipay.sdk.pay.demo.H5PayDemoActivity) -> <init>
    56:57:void onClick(android.content.DialogInterface,int) -> onClick
com.alipay.sdk.pay.demo.H5PayDemoActivity$MyWebViewClient -> com.alipay.sdk.pay.demo.H5PayDemoActivity$a:
    com.alipay.sdk.pay.demo.H5PayDemoActivity this$0 -> a
    112:112:void <init>(com.alipay.sdk.pay.demo.H5PayDemoActivity) -> <init>
    116:146:boolean shouldOverrideUrlLoading(android.webkit.WebView,java.lang.String) -> shouldOverrideUrlLoading
    112:112:void <init>(com.alipay.sdk.pay.demo.H5PayDemoActivity,com.alipay.sdk.pay.demo.H5PayDemoActivity$1) -> <init>
com.alipay.sdk.pay.demo.H5PayDemoActivity$MyWebViewClient$1 -> com.alipay.sdk.pay.demo.e:
    android.webkit.WebView val$view -> a
    com.alipay.sdk.pay.demo.H5PayDemoActivity$MyWebViewClient this$1 -> b
    124:124:void <init>(com.alipay.sdk.pay.demo.H5PayDemoActivity$MyWebViewClient,android.webkit.WebView) -> <init>
    127:136:void onPayResult(com.alipay.sdk.util.H5PayResultModel) -> onPayResult
com.alipay.sdk.pay.demo.H5PayDemoActivity$MyWebViewClient$1$1 -> com.alipay.sdk.pay.demo.f:
    java.lang.String val$url -> a
    com.alipay.sdk.pay.demo.H5PayDemoActivity$MyWebViewClient$1 this$2 -> b
    129:129:void <init>(com.alipay.sdk.pay.demo.H5PayDemoActivity$MyWebViewClient$1,java.lang.String) -> <init>
    132:133:void run() -> run
...
com.alipay.android.phone.mrpc.core.b$b -> com.alipay.android.phone.mrpc.core.b$b:
    java.lang.String a -> a
    int b -> b
    boolean a(com.alipay.android.phone.mrpc.core.b$b) -> a
    void a(com.alipay.android.phone.mrpc.core.b$b,java.lang.String) -> a
com.alipay.android.phone.mrpc.core.c -> com.alipay.android.phone.mrpc.core.c:
    void <init>() -> <init>
    void process(org.apache.http.HttpRequest,org.apache.http.protocol.HttpContext) -> process
com.alipay.android.phone.mrpc.core.d -> com.alipay.android.phone.mrpc.core.d:
    com.alipay.android.phone.mrpc.core.b a -> a
    void <init>(com.alipay.android.phone.mrpc.core.b,org.apache.http.conn.ClientConnectionManager,org.apache.http.params.HttpParams) -> <init>
    org.apache.http.protocol.BasicHttpProcessor createHttpProcessor() -> createHttpProcessor
    org.apache.http.protocol.HttpContext createHttpContext() -> createHttpContext
    org.apache.http.client.RedirectHandler createRedirectHandler() -> createRedirectHandler
    org.apache.http.conn.ConnectionKeepAliveStrategy createConnectionKeepAliveStrategy() -> createConnectionKeepAliveStrategy
com.alipay.android.phone.mrpc.core.e -> com.alipay.android.phone.mrpc.core.e:
    int a -> a
    com.alipay.android.phone.mrpc.core.d b -> b
    void <init>(com.alipay.android.phone.mrpc.core.d) -> <init>
    boolean isRedirectRequested(org.apache.http.HttpResponse,org.apache.http.protocol.HttpContext) -> isRedirectRequested
com.alipay.android.phone.mrpc.core.f -> com.alipay.android.phone.mrpc.core.f:
    com.alipay.android.phone.mrpc.core.d a -> a
    void <init>(com.alipay.android.phone.mrpc.core.d) -> <init>
    long getKeepAliveDuration(org.apache.http.HttpResponse,org.apache.http.protocol.HttpContext) -> getKeepAliveDuration
com.alipay.android.phone.mrpc.core.g -> com.alipay.android.phone.mrpc.core.g:
    java.lang.String a() -> a
    com.alipay.android.phone.mrpc.core.ab b() -> b
    com.alipay.android.phone.mrpc.core.aa c() -> c
    boolean d() -> d
com.alipay.android.phone.mrpc.core.h -> com.alipay.android.phone.mrpc.core.h:
    android.content.Context a -> a
    void <init>(android.content.Context) -> <init>
    java.lang.Object a(java.lang.Class,com.alipay.android.phone.mrpc.core.aa) -> a
    android.content.Context a(com.alipay.android.phone.mrpc.core.h) -> a
com.alipay.android.phone.mrpc.core.i -> com.alipay.android.phone.mrpc.core.i:
    com.alipay.android.phone.mrpc.core.aa a -> a
    com.alipay.android.phone.mrpc.core.h b -> b
    void <init>(com.alipay.android.phone.mrpc.core.h,com.alipay.android.phone.mrpc.core.aa) -> <init>
    java.lang.String a() -> a
    com.alipay.android.phone.mrpc.core.ab b() -> b
    com.alipay.android.phone.mrpc.core.aa c() -> c
    boolean d() -> d
com.alipay.android.phone.mrpc.core.j -> com.alipay.android.phone.mrpc.core.j:
    com.alipay.android.phone.mrpc.core.g g -> g
    void <init>(com.alipay.android.phone.mrpc.core.g,java.lang.reflect.Method,int,java.lang.String,byte[],boolean) -> <init>
    java.lang.Object a() -> a
com.alipay.android.phone.mrpc.core.k -> com.alipay.android.phone.mrpc.core.k:
    java.util.regex.Pattern a -> a
    java.util.regex.Pattern b -> b
    long a(java.lang.String) -> a
    int b(java.lang.String) -> b
    int c(java.lang.String) -> c
    int d(java.lang.String) -> d
    com.alipay.android.phone.mrpc.core.k$a e(java.lang.String) -> e
    void <clinit>() -> <clinit>
com.alipay.android.phone.mrpc.core.k$a -> com.alipay.android.phone.mrpc.core.k$a:
    int a -> a
    int b -> b
    int c -> c
    void <init>(int,int,int) -> <init>